Using pre-set license
Built from '2021.3/staging' branch; Version is '2021.3.15f1 (e8e88683f834) revision 15263878'; Using compiler version '192829333'; Build Type 'Release'
OS: 'Windows 11  (10.0.22000) 64bit Core' Language: 'en' Physical Memory: 32569 MB
BatchMode: 1, IsHumanControllingUs: 0, StartBugReporterOnCrash: 0, Is64bit: 1, IsPro: 1

COMMAND LINE ARGUMENTS:
C:\Program Files\Unity\Hub\Editor\2021.3.15f1\Editor\Unity.exe
-adb2
-batchMode
-noUpm
-name
AssetImportWorker0
-projectPath
C:/Users/John/wkspaces/battle-royale-2022
-logFile
Logs/AssetImportWorker0.log
-srvPort
53630
Successfully changed project path to: C:/Users/John/wkspaces/battle-royale-2022
C:/Users/John/wkspaces/battle-royale-2022
[UnityMemory] Configuration Parameters - Can be set up in boot.config
    "memorysetup-bucket-allocator-granularity=16"
    "memorysetup-bucket-allocator-bucket-count=8"
    "memorysetup-bucket-allocator-block-size=33554432"
    "memorysetup-bucket-allocator-block-count=8"
    "memorysetup-main-allocator-block-size=16777216"
    "memorysetup-thread-allocator-block-size=16777216"
    "memorysetup-gfx-main-allocator-block-size=16777216"
    "memorysetup-gfx-thread-allocator-block-size=16777216"
    "memorysetup-cache-allocator-block-size=4194304"
    "memorysetup-typetree-allocator-block-size=2097152"
    "memorysetup-profiler-bucket-allocator-granularity=16"
    "memorysetup-profiler-bucket-allocator-bucket-count=8"
    "memorysetup-profiler-bucket-allocator-block-size=33554432"
    "memorysetup-profiler-bucket-allocator-block-count=8"
    "memorysetup-profiler-allocator-block-size=16777216"
    "memorysetup-profiler-editor-allocator-block-size=1048576"
    "memorysetup-temp-allocator-size-main=16777216"
    "memorysetup-job-temp-allocator-block-size=2097152"
    "memorysetup-job-temp-allocator-block-size-background=1048576"
    "memorysetup-job-temp-allocator-reduction-small-platforms=262144"
    "memorysetup-temp-allocator-size-background-worker=32768"
    "memorysetup-temp-allocator-size-job-worker=262144"
    "memorysetup-temp-allocator-size-preload-manager=33554432"
    "memorysetup-temp-allocator-size-nav-mesh-worker=65536"
    "memorysetup-temp-allocator-size-audio-worker=65536"
    "memorysetup-temp-allocator-size-cloud-worker=32768"
    "memorysetup-temp-allocator-size-gi-baking-worker=262144"
    "memorysetup-temp-allocator-size-gfx=262144"
Player connection [70892] Host "[IP] 192.168.86.45 [Port] 0 [Flags] 2 [Guid] 3263125538 [EditorId] 3263125538 [Version] 1048832 [Id] WindowsEditor(7,LAPTOP-7UPM35E4) [Debug] 1 [PackageName] WindowsEditor [ProjectName] Editor" joined multi-casting on [225.0.0.222:54997]...

Player connection [70892] Host "[IP] 192.168.86.45 [Port] 0 [Flags] 2 [Guid] 3263125538 [EditorId] 3263125538 [Version] 1048832 [Id] WindowsEditor(7,LAPTOP-7UPM35E4) [Debug] 1 [PackageName] WindowsEditor [ProjectName] Editor" joined alternative multi-casting on [225.0.0.222:34997]...

Refreshing native plugins compatible for Editor in 149.75 ms, found 3 plugins.
Preloading 0 native plugins for Editor in 0.00 ms.
Initialize engine version: 2021.3.15f1 (e8e88683f834)
[Subsystems] Discovering subsystems at path C:/Program Files/Unity/Hub/Editor/2021.3.15f1/Editor/Data/Resources/UnitySubsystems
[Subsystems] Discovering subsystems at path C:/Users/John/wkspaces/battle-royale-2022/Assets
GfxDevice: creating device client; threaded=0; jobified=0
Direct3D:
    Version:  Direct3D 11.0 [level 11.1]
    Renderer: NVIDIA GeForce RTX 2080 Super with Max-Q Design (ID=0x1ed3)
    Vendor:   NVIDIA
    VRAM:     8010 MB
    Driver:   30.0.14.7196
Initialize mono
Mono path[0] = 'C:/Program Files/Unity/Hub/Editor/2021.3.15f1/Editor/Data/Managed'
Mono path[1] = 'C:/Program Files/Unity/Hub/Editor/2021.3.15f1/Editor/Data/MonoBleedingEdge/lib/mono/unityjit-win32'
Mono config path = 'C:/Program Files/Unity/Hub/Editor/2021.3.15f1/Editor/Data/MonoBleedingEdge/etc'
Using monoOptions --debugger-agent=transport=dt_socket,embedding=1,server=y,suspend=n,address=127.0.0.1:56648
Begin MonoManager ReloadAssembly
Registering precompiled unity dll's ...
Register platform support module: C:/Program Files/Unity/Hub/Editor/2021.3.15f1/Editor/Data/PlaybackEngines/WindowsStandaloneSupport/UnityEditor.WindowsStandalone.Extensions.dll
Registered in 0.005689 seconds.
Native extension for WindowsStandalone target not found
Refreshing native plugins compatible for Editor in 144.45 ms, found 3 plugins.
Preloading 0 native plugins for Editor in 0.00 ms.
Mono: successfully reloaded assembly
- Completed reload, in  0.677 seconds
Domain Reload Profiling:
	ReloadAssembly (677ms)
		BeginReloadAssembly (59ms)
			ExecutionOrderSort (0ms)
			DisableScriptedObjects (0ms)
			BackupInstance (0ms)
			ReleaseScriptingObjects (0ms)
			CreateAndSetChildDomain (1ms)
		EndReloadAssembly (518ms)
			LoadAssemblies (57ms)
			RebuildTransferFunctionScriptingTraits (0ms)
			SetupTypeCache (120ms)
			ReleaseScriptCaches (0ms)
			RebuildScriptCaches (27ms)
			SetupLoadedEditorAssemblies (324ms)
				LogAssemblyErrors (0ms)
				InitializePlatformSupportModulesInManaged (7ms)
				SetLoadedEditorAssemblies (0ms)
				RefreshPlugins (145ms)
				BeforeProcessingInitializeOnLoad (2ms)
				ProcessInitializeOnLoadAttributes (133ms)
				ProcessInitializeOnLoadMethodAttributes (38ms)
				AfterProcessingInitializeOnLoad (0ms)
				EditorAssembliesLoaded (0ms)
			ExecutionOrderSort2 (0ms)
			AwakeInstancesAfterBackupRestoration (0ms)
Platform modules already initialized, skipping
Registering precompiled user dll's ...
Registered in 0.009329 seconds.
Begin MonoManager ReloadAssembly
Symbol file LoadedFromMemory doesn't match image C:\Users\John\wkspaces\battle-royale-2022\Library\PackageCache\com.unity.visualscripting@1.7.8\Editor\VisualScripting.Core\Dependencies\YamlDotNet\Unity.VisualScripting.YamlDotNet.dll
Symbol file LoadedFromMemory doesn't match image C:\Users\John\wkspaces\battle-royale-2022\Library\PackageCache\com.unity.visualscripting@1.7.8\Editor\VisualScripting.Core\Dependencies\DotNetZip\Unity.VisualScripting.IonicZip.dll
Native extension for WindowsStandalone target not found
Refreshing native plugins compatible for Editor in 151.07 ms, found 3 plugins.
Preloading 0 native plugins for Editor in 0.00 ms.
Mono: successfully reloaded assembly
- Completed reload, in  1.651 seconds
Domain Reload Profiling:
	ReloadAssembly (1652ms)
		BeginReloadAssembly (94ms)
			ExecutionOrderSort (0ms)
			DisableScriptedObjects (5ms)
			BackupInstance (0ms)
			ReleaseScriptingObjects (0ms)
			CreateAndSetChildDomain (18ms)
		EndReloadAssembly (1449ms)
			LoadAssemblies (88ms)
			RebuildTransferFunctionScriptingTraits (0ms)
			SetupTypeCache (312ms)
			ReleaseScriptCaches (1ms)
			RebuildScriptCaches (87ms)
			SetupLoadedEditorAssemblies (915ms)
				LogAssemblyErrors (0ms)
				InitializePlatformSupportModulesInManaged (4ms)
				SetLoadedEditorAssemblies (0ms)
				RefreshPlugins (151ms)
				BeforeProcessingInitializeOnLoad (146ms)
				ProcessInitializeOnLoadAttributes (541ms)
				ProcessInitializeOnLoadMethodAttributes (66ms)
				AfterProcessingInitializeOnLoad (6ms)
				EditorAssembliesLoaded (0ms)
			ExecutionOrderSort2 (0ms)
			AwakeInstancesAfterBackupRestoration (5ms)
Platform modules already initialized, skipping
========================================================================
Worker process is ready to serve import requests
Launched and connected shader compiler UnityShaderCompiler.exe after 0.03 seconds
Refreshing native plugins compatible for Editor in 1.16 ms, found 3 plugins.
Preloading 0 native plugins for Editor in 0.00 ms.
Unloading 7173 Unused Serialized files (Serialized files now loaded: 0)
Unloading 93 unused Assets / (3.6 MB). Loaded Objects now: 7610.
Memory consumption went from 370.0 MB to 366.5 MB.
Total: 5.624000 ms (FindLiveObjects: 0.510800 ms CreateObjectMapping: 0.544600 ms MarkObjects: 3.871700 ms  DeleteObjects: 0.696100 ms)

AssetImportParameters requested are different than current active one (requested -> active):
  custom:video-decoder-ogg-theora: a1e56fd34408186e4bbccfd4996cb3dc -> 
  custom:container-muxer-webm: aa71ff27fc2769a1b78a27578f13a17b -> 
  custom:container-demuxer-webm: 4f35f7cbe854078d1ac9338744f61a02 -> 
  custom:video-encoder-webm-vp8: eb34c28f22e8b96e1ab97ce403110664 -> 
  custom:video-codec-MediaFoundation-h265: 746d11721c4dcdbdad8f713fa42b33f4 -> 
  custom:audio-encoder-webm-vorbis: bf7c407c2cedff20999df2af8eb42d56 -> 
  custom:framework-win-MediaFoundation: 216162199b28c13a410421893ffa2e32 -> 
  custom:container-demuxer-ogg: 62fdf1f143b41e24485cea50d1cbac27 -> 
  custom:video-decoder-webm-vp8: 9c59270c3fd7afecdb556c50c9e8de78 -> 
  custom:audio-decoder-ogg-vorbis: bf7c407c2cedff20999df2af8eb42d56 -> 
========================================================================
Received Import Request.
  Time since last request: 3412676.712590 seconds.
  path: Assets/Prefabs/3D/Circle/Circle.prefab
  artifactKey: Guid(b038637e68fedae46a520b27bfc91410) Importer(815301076,1909f56bfc062723c751e8b465ee728b)
Start importing Assets/Prefabs/3D/Circle/Circle.prefab using Guid(b038637e68fedae46a520b27bfc91410) Importer(815301076,1909f56bfc062723c751e8b465ee728b)  -> (artifact id: '7f259326739da4203b6f9ed6acfbbe03') in 0.066597 seconds 
========================================================================
Received Import Request.
  Time since last request: 1.921877 seconds.
  path: Assets/Prefabs/3D/Circle/Circle.prefab
  artifactKey: Guid(b038637e68fedae46a520b27bfc91410) Importer(815301076,1909f56bfc062723c751e8b465ee728b)
Start importing Assets/Prefabs/3D/Circle/Circle.prefab using Guid(b038637e68fedae46a520b27bfc91410) Importer(815301076,1909f56bfc062723c751e8b465ee728b)  -> (artifact id: '46c66b92abb0f7b5745aa712582f9247') in 0.007399 seconds 
========================================================================
Received Import Request.
  Time since last request: 6.854679 seconds.
  path: Assets/Prefabs/3D/Circle/Circle.prefab
  artifactKey: Guid(b038637e68fedae46a520b27bfc91410) Importer(815301076,1909f56bfc062723c751e8b465ee728b)
Start importing Assets/Prefabs/3D/Circle/Circle.prefab using Guid(b038637e68fedae46a520b27bfc91410) Importer(815301076,1909f56bfc062723c751e8b465ee728b)  -> (artifact id: '7ce6dbc7ff25afbf07d1259240543f8f') in 0.006397 seconds 
========================================================================
Received Import Request.
  Time since last request: 0.590638 seconds.
  path: Assets/Prefabs/3D/Circle/Circle.prefab
  artifactKey: Guid(b038637e68fedae46a520b27bfc91410) Importer(815301076,1909f56bfc062723c751e8b465ee728b)
Start importing Assets/Prefabs/3D/Circle/Circle.prefab using Guid(b038637e68fedae46a520b27bfc91410) Importer(815301076,1909f56bfc062723c751e8b465ee728b)  -> (artifact id: '8ddf9bdb83526253cee9e5c0ced7d117') in 0.007524 seconds 
========================================================================
Received Import Request.
  Time since last request: 3.233198 seconds.
  path: Assets/Prefabs/3D/Circle/Circle.prefab
  artifactKey: Guid(b038637e68fedae46a520b27bfc91410) Importer(815301076,1909f56bfc062723c751e8b465ee728b)
Start importing Assets/Prefabs/3D/Circle/Circle.prefab using Guid(b038637e68fedae46a520b27bfc91410) Importer(815301076,1909f56bfc062723c751e8b465ee728b)  -> (artifact id: '9a73b92eef9493c134417e705b4c7a5b') in 0.005801 seconds 
========================================================================
Received Import Request.
  Time since last request: 5.836851 seconds.
  path: Assets/Prefabs/3D/Circle/Circle.prefab
  artifactKey: Guid(b038637e68fedae46a520b27bfc91410) Importer(815301076,1909f56bfc062723c751e8b465ee728b)
Start importing Assets/Prefabs/3D/Circle/Circle.prefab using Guid(b038637e68fedae46a520b27bfc91410) Importer(815301076,1909f56bfc062723c751e8b465ee728b)  -> (artifact id: 'b72319b6c83fd02f08b6f2d60d9640c7') in 0.006693 seconds 
========================================================================
Received Import Request.
  Time since last request: 2.628767 seconds.
  path: Assets/Prefabs/3D/Circle/Circle.prefab
  artifactKey: Guid(b038637e68fedae46a520b27bfc91410) Importer(815301076,1909f56bfc062723c751e8b465ee728b)
Start importing Assets/Prefabs/3D/Circle/Circle.prefab using Guid(b038637e68fedae46a520b27bfc91410) Importer(815301076,1909f56bfc062723c751e8b465ee728b)  -> (artifact id: '1cdc8e74887ae83ab26baee1a862b163') in 0.005453 seconds 
========================================================================
Received Import Request.
  Time since last request: 3.013964 seconds.
  path: Assets/Prefabs/3D/Circle/Circle.prefab
  artifactKey: Guid(b038637e68fedae46a520b27bfc91410) Importer(815301076,1909f56bfc062723c751e8b465ee728b)
Start importing Assets/Prefabs/3D/Circle/Circle.prefab using Guid(b038637e68fedae46a520b27bfc91410) Importer(815301076,1909f56bfc062723c751e8b465ee728b)  -> (artifact id: 'a6446707a07a4eefa9d742d79476d60f') in 0.005509 seconds 
========================================================================
Received Import Request.
  Time since last request: 0.594583 seconds.
  path: Assets/Prefabs/3D/Circle/Circle.prefab
  artifactKey: Guid(b038637e68fedae46a520b27bfc91410) Importer(815301076,1909f56bfc062723c751e8b465ee728b)
Start importing Assets/Prefabs/3D/Circle/Circle.prefab using Guid(b038637e68fedae46a520b27bfc91410) Importer(815301076,1909f56bfc062723c751e8b465ee728b)  -> (artifact id: '0b5f99b90b8855ea47afd8cf7ff62c54') in 0.006167 seconds 
========================================================================
Received Import Request.
  Time since last request: 3.418753 seconds.
  path: Assets/Prefabs/3D/Circle/Circle.prefab
  artifactKey: Guid(b038637e68fedae46a520b27bfc91410) Importer(815301076,1909f56bfc062723c751e8b465ee728b)
Start importing Assets/Prefabs/3D/Circle/Circle.prefab using Guid(b038637e68fedae46a520b27bfc91410) Importer(815301076,1909f56bfc062723c751e8b465ee728b)  -> (artifact id: '4edf36227a2af8df20acf6e6534478d9') in 0.005703 seconds 
========================================================================
Received Import Request.
  Time since last request: 232.379510 seconds.
  path: Assets/Prefabs/3D/Circle/Circle.prefab
  artifactKey: Guid(b038637e68fedae46a520b27bfc91410) Importer(815301076,1909f56bfc062723c751e8b465ee728b)
Start importing Assets/Prefabs/3D/Circle/Circle.prefab using Guid(b038637e68fedae46a520b27bfc91410) Importer(815301076,1909f56bfc062723c751e8b465ee728b)  -> (artifact id: '7d326070a2470188e0c7a65d440cae66') in 0.006406 seconds 
========================================================================
Received Import Request.
  Time since last request: 21.461281 seconds.
  path: Assets/Prefabs/3D/Circle/Circle.prefab
  artifactKey: Guid(b038637e68fedae46a520b27bfc91410) Importer(815301076,1909f56bfc062723c751e8b465ee728b)
Start importing Assets/Prefabs/3D/Circle/Circle.prefab using Guid(b038637e68fedae46a520b27bfc91410) Importer(815301076,1909f56bfc062723c751e8b465ee728b)  -> (artifact id: 'b91054bc6c3e16156d67f64f500a9d73') in 0.005826 seconds 
========================================================================
Received Import Request.
  Time since last request: 0.791231 seconds.
  path: Assets/Prefabs/3D/Circle/Circle.prefab
  artifactKey: Guid(b038637e68fedae46a520b27bfc91410) Importer(815301076,1909f56bfc062723c751e8b465ee728b)
Start importing Assets/Prefabs/3D/Circle/Circle.prefab using Guid(b038637e68fedae46a520b27bfc91410) Importer(815301076,1909f56bfc062723c751e8b465ee728b)  -> (artifact id: '2f6383a2a53eb8d7838fa750ec6cd3e2') in 0.005708 seconds 
========================================================================
Received Import Request.
  Time since last request: 4.244588 seconds.
  path: Assets/Prefabs/3D/Circle/Circle.prefab
  artifactKey: Guid(b038637e68fedae46a520b27bfc91410) Importer(815301076,1909f56bfc062723c751e8b465ee728b)
Start importing Assets/Prefabs/3D/Circle/Circle.prefab using Guid(b038637e68fedae46a520b27bfc91410) Importer(815301076,1909f56bfc062723c751e8b465ee728b)  -> (artifact id: 'ef167d7ba51696ebcbba76ba7229d844') in 0.007147 seconds 
========================================================================
Received Import Request.
  Time since last request: 94.558600 seconds.
  path: Assets/Prefabs/3D/Circle/Circle.prefab
  artifactKey: Guid(b038637e68fedae46a520b27bfc91410) Importer(815301076,1909f56bfc062723c751e8b465ee728b)
Start importing Assets/Prefabs/3D/Circle/Circle.prefab using Guid(b038637e68fedae46a520b27bfc91410) Importer(815301076,1909f56bfc062723c751e8b465ee728b)  -> (artifact id: '6d8fbb1468d9f46ad6b2f98148f7f129') in 0.006607 seconds 
========================================================================
Received Import Request.
  Time since last request: 24.583707 seconds.
  path: Assets/Prefabs/3D/Circle/Circle.prefab
  artifactKey: Guid(b038637e68fedae46a520b27bfc91410) Importer(815301076,1909f56bfc062723c751e8b465ee728b)
Start importing Assets/Prefabs/3D/Circle/Circle.prefab using Guid(b038637e68fedae46a520b27bfc91410) Importer(815301076,1909f56bfc062723c751e8b465ee728b)  -> (artifact id: '6cae0eb15f9383c4e468687cc130f31f') in 0.005967 seconds 
========================================================================
Received Import Request.
  Time since last request: 2.385896 seconds.
  path: Assets/Prefabs/3D/Circle/Circle.prefab
  artifactKey: Guid(b038637e68fedae46a520b27bfc91410) Importer(815301076,1909f56bfc062723c751e8b465ee728b)
Start importing Assets/Prefabs/3D/Circle/Circle.prefab using Guid(b038637e68fedae46a520b27bfc91410) Importer(815301076,1909f56bfc062723c751e8b465ee728b)  -> (artifact id: '69ef107ca69f195f5f889364a50ad728') in 0.005927 seconds 
========================================================================
Received Import Request.
  Time since last request: 124.983452 seconds.
  path: Packages/com.unity.render-pipelines.universal/Runtime/Materials/Lit.mat
  artifactKey: Guid(31321ba15b8f8eb4c954353edc038b1d) Importer(815301076,1909f56bfc062723c751e8b465ee728b)
Start importing Packages/com.unity.render-pipelines.universal/Runtime/Materials/Lit.mat using Guid(31321ba15b8f8eb4c954353edc038b1d) Importer(815301076,1909f56bfc062723c751e8b465ee728b)  -> (artifact id: '4e837841d7f46a205b5bb0c7c1ea92d2') in 0.239174 seconds 
========================================================================
Received Import Request.
  Time since last request: 0.604124 seconds.
  path: Assets/Art/PoisonShader.mat
  artifactKey: Guid(0aba4a1461687f54a84239bf25ca9480) Importer(815301076,1909f56bfc062723c751e8b465ee728b)
Start importing Assets/Art/PoisonShader.mat using Guid(0aba4a1461687f54a84239bf25ca9480) Importer(815301076,1909f56bfc062723c751e8b465ee728b)  -> (artifact id: '8b6aa9cf5c0cb9832f48d37e33ad01ab') in 0.020620 seconds 
========================================================================
Received Import Request.
  Time since last request: 0.550296 seconds.
  path: Packages/com.unity.render-pipelines.universal/Runtime/Materials/SimpleLit.mat
  artifactKey: Guid(6a1143ee683302f4aa628c052723efc1) Importer(815301076,1909f56bfc062723c751e8b465ee728b)
Start importing Packages/com.unity.render-pipelines.universal/Runtime/Materials/SimpleLit.mat using Guid(6a1143ee683302f4aa628c052723efc1) Importer(815301076,1909f56bfc062723c751e8b465ee728b)  -> (artifact id: '2d06c25af6a57e09e22c42cf298d69d8') in 1.528383 seconds 
========================================================================
Received Import Request.
  Time since last request: 0.267954 seconds.
  path: Assets/Art/Materials/Water.mat
  artifactKey: Guid(0db54bbc09bc5d741811fc009f7d2092) Importer(815301076,1909f56bfc062723c751e8b465ee728b)
Start importing Assets/Art/Materials/Water.mat using Guid(0db54bbc09bc5d741811fc009f7d2092) Importer(815301076,1909f56bfc062723c751e8b465ee728b)  -> (artifact id: 'd19d54fd1c164d107e757e44a27f2a5d') in 0.017290 seconds 
========================================================================
Received Prepare
Registering precompiled user dll's ...
Registered in 0.008485 seconds.
Begin MonoManager ReloadAssembly
Symbol file LoadedFromMemory doesn't match image C:\Users\John\wkspaces\battle-royale-2022\Library\PackageCache\com.unity.visualscripting@1.7.8\Editor\VisualScripting.Core\Dependencies\YamlDotNet\Unity.VisualScripting.YamlDotNet.dll
Symbol file LoadedFromMemory doesn't match image C:\Users\John\wkspaces\battle-royale-2022\Library\PackageCache\com.unity.visualscripting@1.7.8\Editor\VisualScripting.Core\Dependencies\DotNetZip\Unity.VisualScripting.IonicZip.dll
Native extension for WindowsStandalone target not found
Refreshing native plugins compatible for Editor in 1.14 ms, found 3 plugins.
Preloading 0 native plugins for Editor in 0.00 ms.
Mono: successfully reloaded assembly
- Completed reload, in  1.425 seconds
Domain Reload Profiling:
	ReloadAssembly (1425ms)
		BeginReloadAssembly (145ms)
			ExecutionOrderSort (0ms)
			DisableScriptedObjects (8ms)
			BackupInstance (0ms)
			ReleaseScriptingObjects (0ms)
			CreateAndSetChildDomain (51ms)
		EndReloadAssembly (1185ms)
			LoadAssemblies (90ms)
			RebuildTransferFunctionScriptingTraits (0ms)
			SetupTypeCache (297ms)
			ReleaseScriptCaches (2ms)
			RebuildScriptCaches (50ms)
			SetupLoadedEditorAssemblies (657ms)
				LogAssemblyErrors (0ms)
				InitializePlatformSupportModulesInManaged (13ms)
				SetLoadedEditorAssemblies (0ms)
				RefreshPlugins (1ms)
				BeforeProcessingInitializeOnLoad (101ms)
				ProcessInitializeOnLoadAttributes (471ms)
				ProcessInitializeOnLoadMethodAttributes (65ms)
				AfterProcessingInitializeOnLoad (6ms)
				EditorAssembliesLoaded (0ms)
			ExecutionOrderSort2 (0ms)
			AwakeInstancesAfterBackupRestoration (18ms)
Platform modules already initialized, skipping
Refreshing native plugins compatible for Editor in 2.67 ms, found 3 plugins.
Preloading 0 native plugins for Editor in 0.00 ms.
Unloading 6956 Unused Serialized files (Serialized files now loaded: 0)
Unloading 62 unused Assets / (3.6 MB). Loaded Objects now: 7718.
Memory consumption went from 360.5 MB to 357.0 MB.
Total: 6.069000 ms (FindLiveObjects: 0.531100 ms CreateObjectMapping: 0.752200 ms MarkObjects: 4.104400 ms  DeleteObjects: 0.680700 ms)

AssetImportParameters requested are different than current active one (requested -> active):
  custom:video-decoder-ogg-theora: a1e56fd34408186e4bbccfd4996cb3dc -> 
  custom:container-muxer-webm: aa71ff27fc2769a1b78a27578f13a17b -> 
  custom:container-demuxer-webm: 4f35f7cbe854078d1ac9338744f61a02 -> 
  custom:video-encoder-webm-vp8: eb34c28f22e8b96e1ab97ce403110664 -> 
  custom:video-codec-MediaFoundation-h265: 746d11721c4dcdbdad8f713fa42b33f4 -> 
  custom:audio-encoder-webm-vorbis: bf7c407c2cedff20999df2af8eb42d56 -> 
  custom:framework-win-MediaFoundation: 216162199b28c13a410421893ffa2e32 -> 
  custom:container-demuxer-ogg: 62fdf1f143b41e24485cea50d1cbac27 -> 
  custom:video-decoder-webm-vp8: 9c59270c3fd7afecdb556c50c9e8de78 -> 
  custom:audio-decoder-ogg-vorbis: bf7c407c2cedff20999df2af8eb42d56 -> 
